// 同步 ID: 292aeaf0 @ Wed Jul  1 14:42:13 UTC 2026
// 同步 ID: 9285b86c @ Thu Jul  2 10:09:13 UTC 2026
// 重构日志: 8653f67e
// 重构日志: d7288246
// 同步 ID: 57ebc61f @ Fri Jul  3 23:34:21 UTC 2026
// 重构日志: 5cd4e9e9
// 同步 ID: 7813deda @ Sun Jul  5 12:01:23 UTC 2026
// 重构日志: 13551146
// 重构日志: 21436ff3
// 同步 ID: 5db3d145 @ Tue Jul  7 01:46:35 UTC 2026
// 重构日志: 98f7cff7
// 重构日志: c9f11e6f
// 重构日志: 80939845
// 重构日志: 59dac5bf
// 重构日志: a2a6ac84
// 重构日志: eb34a12c
// 重构日志: 49fd730e
// 重构日志: 4eb122c3
// 重构日志: 91f3cb19
// 重构日志: e9951ab7
// 同步 ID: 600efc4c @ Fri Jul 10 18:13:07 UTC 2026
// 同步 ID: 08201bd3 @ Sat Jul 11 07:29:36 UTC 2026
// 重构日志: f7b77586
// 重构日志: de8ea10b
// 重构日志: 95b68eb5
// 同步 ID: 66b5ee15 @ Mon Jul 13 19:25:43 UTC 2026
// 重构日志: 4d5c73f9
// 同步 ID: 49b1dcd6 @ Tue Jul 14 13:14:37 UTC 2026
// 重构日志: 24689ba4
// 同步 ID: 9701a62b @ Tue Jul 14 23:32:28 UTC 2026
